<?xml version="1.0" encoding="UTF-8"?>
<testng-results ignored="0" total="6" passed="6" failed="0" skipped="0">
  <reporter-output>
  </reporter-output>
  <suite started-at="2026-04-14T23:02:33 IST" name="OrangeHRM-Automation-Suite" finished-at="2026-04-14T23:03:26 IST" duration-ms="53356">
    <groups>
    </groups>
    <test started-at="2026-04-14T23:02:33 IST" name="Login Tests" finished-at="2026-04-14T23:03:26 IST" duration-ms="53356">
      <class name="tests.LoginTest">
        <test-method is-config="true" signature="setUp()[pri:0, instance:tests.LoginTest@8dbdac1]" started-at="2026-04-14T23:02:33 IST" name="setUp" finished-at="2026-04-14T23:02:47 IST" duration-ms="13406" status="PASS">
          <reporter-output>
          </reporter-output>
        </test-method> <!-- setUp -->
        <test-method is-config="true" signature="setUp()[pri:0, instance:tests.LoginTest@8dbdac1]" started-at="2026-04-14T23:02:33 IST" name="setUp" finished-at="2026-04-14T23:03:04 IST" duration-ms="30201" status="PASS">
          <reporter-output>
          </reporter-output>
        </test-method> <!-- setUp -->
        <test-method is-config="true" signature="setUp()[pri:0, instance:tests.LoginTest@8dbdac1]" started-at="2026-04-14T23:02:34 IST" name="setUp" finished-at="2026-04-14T23:03:00 IST" duration-ms="25602" status="PASS">
          <reporter-output>
          </reporter-output>
        </test-method> <!-- setUp -->
        <test-method signature="verifyLoginPageTitle()[pri:3, instance:tests.LoginTest@8dbdac1]" started-at="2026-04-14T23:02:47 IST" name="verifyLoginPageTitle" description="Verify the login page browser title" finished-at="2026-04-14T23:02:47 IST" duration-ms="84" status="PASS">
          <reporter-output>
          </reporter-output>
        </test-method> <!-- verifyLoginPageTitle -->
        <test-method is-config="true" signature="tearDown()[pri:0, instance:tests.LoginTest@8dbdac1]" started-at="2026-04-14T23:02:47 IST" name="tearDown" finished-at="2026-04-14T23:02:48 IST" duration-ms="823" status="PASS">
          <reporter-output>
          </reporter-output>
        </test-method> <!-- tearDown -->
        <test-method is-config="true" signature="setUp()[pri:0, instance:tests.LoginTest@8dbdac1]" started-at="2026-04-14T23:02:48 IST" name="setUp" finished-at="2026-04-14T23:02:53 IST" duration-ms="5293" status="PASS">
          <reporter-output>
          </reporter-output>
        </test-method> <!-- setUp -->
        <test-method signature="verifyEmptyCredentialsError()[pri:4, instance:tests.LoginTest@8dbdac1]" started-at="2026-04-14T23:02:53 IST" name="verifyEmptyCredentialsError" description="Verify inline Required errors when submitting empty credentials" finished-at="2026-04-14T23:02:54 IST" duration-ms="908" status="PASS">
          <reporter-output>
          </reporter-output>
        </test-method> <!-- verifyEmptyCredentialsError -->
        <test-method is-config="true" signature="tearDown()[pri:0, instance:tests.LoginTest@8dbdac1]" started-at="2026-04-14T23:02:54 IST" name="tearDown" finished-at="2026-04-14T23:02:54 IST" duration-ms="208" status="PASS">
          <reporter-output>
          </reporter-output>
        </test-method> <!-- tearDown -->
        <test-method signature="verifyInvalidLogin(java.lang.String,java.lang.String,java.lang.String)[pri:2, instance:tests.LoginTest@8dbdac1]" started-at="2026-04-14T23:03:00 IST" name="verifyInvalidLogin" description="Verify alert banner for wrong credentials" data-provider="invalidLoginData" finished-at="2026-04-14T23:03:05 IST" duration-ms="5081" status="PASS">
          <params>
            <param index="0">
              <value>
                <![CDATA[Admin]]>
              </value>
            </param>
            <param index="1">
              <value>
                <![CDATA[wrongpassword]]>
              </value>
            </param>
            <param index="2">
              <value>
                <![CDATA[Invalid credentials]]>
              </value>
            </param>
          </params>
          <reporter-output>
          </reporter-output>
        </test-method> <!-- verifyInvalidLogin -->
        <test-method signature="verifyValidLogin()[pri:1, instance:tests.LoginTest@8dbdac1]" started-at="2026-04-14T23:03:04 IST" name="verifyValidLogin" description="Verify successful login with valid credentials" finished-at="2026-04-14T23:03:09 IST" duration-ms="5680" status="PASS">
          <reporter-output>
          </reporter-output>
        </test-method> <!-- verifyValidLogin -->
        <test-method is-config="true" signature="tearDown()[pri:0, instance:tests.LoginTest@8dbdac1]" started-at="2026-04-14T23:03:05 IST" name="tearDown" finished-at="2026-04-14T23:03:06 IST" duration-ms="736" status="PASS">
          <reporter-output>
          </reporter-output>
        </test-method> <!-- tearDown -->
        <test-method is-config="true" signature="setUp()[pri:0, instance:tests.LoginTest@8dbdac1]" started-at="2026-04-14T23:03:06 IST" name="setUp" finished-at="2026-04-14T23:03:15 IST" duration-ms="9105" status="PASS">
          <reporter-output>
          </reporter-output>
        </test-method> <!-- setUp -->
        <test-method is-config="true" signature="tearDown()[pri:0, instance:tests.LoginTest@8dbdac1]" started-at="2026-04-14T23:03:09 IST" name="tearDown" finished-at="2026-04-14T23:03:09 IST" duration-ms="214" status="PASS">
          <reporter-output>
          </reporter-output>
        </test-method> <!-- tearDown -->
        <test-method signature="verifyInvalidLogin(java.lang.String,java.lang.String,java.lang.String)[pri:2, instance:tests.LoginTest@8dbdac1]" started-at="2026-04-14T23:03:15 IST" name="verifyInvalidLogin" description="Verify alert banner for wrong credentials" data-provider="invalidLoginData" finished-at="2026-04-14T23:03:18 IST" duration-ms="2922" status="PASS">
          <params>
            <param index="0">
              <value>
                <![CDATA[wronguser]]>
              </value>
            </param>
            <param index="1">
              <value>
                <![CDATA[admin123]]>
              </value>
            </param>
            <param index="2">
              <value>
                <![CDATA[Invalid credentials]]>
              </value>
            </param>
          </params>
          <reporter-output>
          </reporter-output>
        </test-method> <!-- verifyInvalidLogin -->
        <test-method is-config="true" signature="tearDown()[pri:0, instance:tests.LoginTest@8dbdac1]" started-at="2026-04-14T23:03:18 IST" name="tearDown" finished-at="2026-04-14T23:03:18 IST" duration-ms="400" status="PASS">
          <reporter-output>
          </reporter-output>
        </test-method> <!-- tearDown -->
        <test-method is-config="true" signature="setUp()[pri:0, instance:tests.LoginTest@8dbdac1]" started-at="2026-04-14T23:03:18 IST" name="setUp" finished-at="2026-04-14T23:03:24 IST" duration-ms="5862" status="PASS">
          <reporter-output>
          </reporter-output>
        </test-method> <!-- setUp -->
        <test-method signature="verifyInvalidLogin(java.lang.String,java.lang.String,java.lang.String)[pri:2, instance:tests.LoginTest@8dbdac1]" started-at="2026-04-14T23:03:24 IST" name="verifyInvalidLogin" description="Verify alert banner for wrong credentials" data-provider="invalidLoginData" finished-at="2026-04-14T23:03:26 IST" duration-ms="2246" status="PASS">
          <params>
            <param index="0">
              <value>
                <![CDATA[wronguser]]>
              </value>
            </param>
            <param index="1">
              <value>
                <![CDATA[wrongpassword]]>
              </value>
            </param>
            <param index="2">
              <value>
                <![CDATA[Invalid credentials]]>
              </value>
            </param>
          </params>
          <reporter-output>
          </reporter-output>
        </test-method> <!-- verifyInvalidLogin -->
        <test-method is-config="true" signature="tearDown()[pri:0, instance:tests.LoginTest@8dbdac1]" started-at="2026-04-14T23:03:26 IST" name="tearDown" finished-at="2026-04-14T23:03:26 IST" duration-ms="242" status="PASS">
          <reporter-output>
          </reporter-output>
        </test-method> <!-- tearDown -->
      </class> <!-- tests.LoginTest -->
    </test> <!-- Login Tests -->
  </suite> <!-- OrangeHRM-Automation-Suite -->
</testng-results>
