<?xml version="1.0" encoding="UTF-8"?>
<!-- Generated by org.testng.reporters.JUnitReportReporter -->
<testsuite hostname="LAPTOP-1RQCD6HN" failures="0" tests="6" name="tests.LoginTest" time="109.013" errors="0" timestamp="2026-04-14T23:03:27 IST" skipped="0">
  <testcase classname="tests.LoginTest" name="verifyValidLogin" time="19.909"/>
  <testcase classname="tests.LoginTest" name="verifyInvalidLogin" time="9.184"/>
  <testcase classname="tests.LoginTest" name="verifyInvalidLogin" time="14.428"/>
  <testcase classname="tests.LoginTest" name="verifyInvalidLogin" time="28.584"/>
  <testcase classname="tests.LoginTest" name="verifyLoginPageTitle" time="5.591"/>
  <testcase classname="tests.LoginTest" name="verifyEmptyCredentialsError" time="31.317"/>
</testsuite> <!-- tests.LoginTest -->
