<?xml version="1.0" encoding="UTF-8"?>
<!-- Generated by org.testng.reporters.JUnitXMLReporter -->
<testsuite ignored="0" hostname="LAPTOP-1RQCD6HN" failures="0" tests="6" name="Login Tests" time="53.356" errors="0" timestamp="2026-04-14T23:03:26 IST">
  <testcase classname="tests.LoginTest" name="verifyLoginPageTitle" time="0.084"/>
  <testcase classname="tests.LoginTest" name="verifyEmptyCredentialsError" time="0.908"/>
  <testcase classname="tests.LoginTest" name="verifyInvalidLogin" time="5.081"/>
  <testcase classname="tests.LoginTest" name="verifyValidLogin" time="5.68"/>
  <testcase classname="tests.LoginTest" name="verifyInvalidLogin" time="2.922"/>
  <testcase classname="tests.LoginTest" name="verifyInvalidLogin" time="2.246"/>
</testsuite> <!-- Login Tests -->
